[00:06:37] [Netty Epoll Server IO #3/ERROR]: Exception occurred in netty pipeline
io.netty.handler.codec.DecoderException: java.lang.IndexOutOfBoundsException: Index 50 out of bounds for length 1
	at io.netty.handler.codec.ByteToMessageDecoder.callDecode(ByteToMessageDecoder.java:489) ~[netty-codec-4.1.82.Final.jar:?]
	at io.netty.handler.codec.ByteToMessageDecoder.channelRead(ByteToMessageDecoder.java:280) ~[netty-codec-4.1.82.Final.jar:?]
	at io.netty.channel.AbstractChannelHandlerContext.invokeChannelRead(AbstractChannelHandlerContext.java:379) ~[netty-transport-4.1.82.Final.jar:?]
	at io.netty.channel.AbstractChannelHandlerContext.invokeChannelRead(AbstractChannelHandlerContext.java:365) ~[netty-transport-4.1.82.Final.jar:?]
	at io.netty.channel.AbstractChannelHandlerContext.fireChannelRead(AbstractChannelHandlerContext.java:357) ~[netty-transport-4.1.82.Final.jar:?]
	at io.netty.handler.codec.ByteToMessageDecoder.fireChannelRead(ByteToMessageDecoder.java:336) ~[netty-codec-4.1.82.Final.jar:?]
	at io.netty.handler.codec.ByteToMessageDecoder.fireChannelRead(ByteToMessageDecoder.java:323) ~[netty-codec-4.1.82.Final.jar:?]
	at io.netty.handler.codec.ByteToMessageDecoder.callDecode(ByteToMessageDecoder.java:444) ~[netty-codec-4.1.82.Final.jar:?]
	at io.netty.handler.codec.ByteToMessageDecoder.channelRead(ByteToMessageDecoder.java:280) ~[netty-codec-4.1.82.Final.jar:?]
	at io.netty.channel.AbstractChannelHandlerContext.invokeChannelRead(AbstractChannelHandlerContext.java:379) ~[netty-transport-4.1.82.Final.jar:?]
	at io.netty.channel.AbstractChannelHandlerContext.invokeChannelRead(AbstractChannelHandlerContext.java:365) ~[netty-transport-4.1.82.Final.jar:?]
	at io.netty.channel.AbstractChannelHandlerContext.fireChannelRead(AbstractChannelHandlerContext.java:357) ~[netty-transport-4.1.82.Final.jar:?]
	at io.netty.handler.timeout.IdleStateHandler.channelRead(IdleStateHandler.java:286) ~[netty-handler-4.1.82.Final.jar:?]
	at io.netty.channel.AbstractChannelHandlerContext.invokeChannelRead(AbstractChannelHandlerContext.java:379) ~[netty-transport-4.1.82.Final.jar:?]
	at io.netty.channel.AbstractChannelHandlerContext.invokeChannelRead(AbstractChannelHandlerContext.java:365) ~[netty-transport-4.1.82.Final.jar:?]
	at io.netty.channel.AbstractChannelHandlerContext.fireChannelRead(AbstractChannelHandlerContext.java:357) ~[netty-transport-4.1.82.Final.jar:?]
	at io.netty.channel.DefaultChannelPipeline$HeadContext.channelRead(DefaultChannelPipeline.java:1410) ~[netty-transport-4.1.82.Final.jar:?]
	at io.netty.channel.AbstractChannelHandlerContext.invokeChannelRead(AbstractChannelHandlerContext.java:379) ~[netty-transport-4.1.82.Final.jar:?]
	at io.netty.channel.AbstractChannelHandlerContext.invokeChannelRead(AbstractChannelHandlerContext.java:365) ~[netty-transport-4.1.82.Final.jar:?]
	at io.netty.channel.DefaultChannelPipeline.fireChannelRead(DefaultChannelPipeline.java:919) ~[netty-transport-4.1.82.Final.jar:?]
	at io.netty.channel.epoll.AbstractEpollStreamChannel$EpollStreamUnsafe.epollInReady(AbstractEpollStreamChannel.java:800) ~[netty-transport-classes-epoll-4.1.82.Final.jar:?]
	at io.netty.channel.epoll.EpollEventLoop.processReady(EpollEventLoop.java:499) ~[netty-transport-classes-epoll-4.1.82.Final.jar:?]
	at io.netty.channel.epoll.EpollEventLoop.run(EpollEventLoop.java:397) ~[netty-transport-classes-epoll-4.1.82.Final.jar:?]
	at io.netty.util.concurrent.SingleThreadEventExecutor$4.run(SingleThreadEventExecutor.java:997) ~[netty-common-4.1.82.Final.jar:?]
	at io.netty.util.internal.ThreadExecutorMap$2.run(ThreadExecutorMap.java:74) ~[netty-common-4.1.82.Final.jar:?]
	at java.lang.Thread.run(Thread.java:840) ~[?:?]
Caused by: java.lang.IndexOutOfBoundsException: Index 50 out of bounds for length 1
	at jdk.internal.util.Preconditions.outOfBounds(Preconditions.java:64) ~[?:?]
	at jdk.internal.util.Preconditions.outOfBoundsCheckIndex(Preconditions.java:70) ~[?:?]
	at jdk.internal.util.Preconditions.checkIndex(Preconditions.java:266) ~[?:?]
	at java.util.Objects.checkIndex(Objects.java:361) ~[?:?]
	at java.util.ArrayList.get(ArrayList.java:427) ~[?:?]
	at net.minecraft.class_2539$class_4532.method_22310(class_2539.java:458) ~[server-intermediary.jar:?]
	at net.minecraft.class_2539.method_10783(class_2539.java:522) ~[server-intermediary.jar:?]
	at net.minecraft.class_2543.decode(class_2543.java:32) ~[server-intermediary.jar:?]
	at io.netty.handler.codec.ByteToMessageDecoder.decodeRemovalReentryProtection(ByteToMessageDecoder.java:519) ~[netty-codec-4.1.82.Final.jar:?]
	at io.netty.handler.codec.ByteToMessageDecoder.callDecode(ByteToMessageDecoder.java:458) ~[netty-codec-4.1.82.Final.jar:?]
	... 25 more
[00:07:16] [Netty Epoll Server IO #4/ERROR]: Exception occurred in netty pipeline
io.netty.handler.timeout.ReadTimeoutException: null
[00:07:16] [Netty Epoll Server IO #5/ERROR]: Exception occurred in netty pipeline
io.netty.handler.timeout.ReadTimeoutException: null
[00:07:37] [Server thread/INFO]: Polarrr_[/127.55.245.64:45053] logged in with entity id 510 at (-115.5, 69.0, -28.5)
[00:07:37] [Server thread/INFO]: Syncing config to Polarrr_ (957d3e0c-502d-3ac9-81d7-a5ab730cd62b)
[00:07:37] [Server thread/INFO]: [betternether] Freeze Registry[ResourceKey[minecraft:root / worlds_together:worldgen/betterx/surface_rules] (Stable)]
[00:07:37] [Server thread/INFO]: Polarrr_ joined the game
[00:07:37] [Server thread/INFO]: Sending common config 'fallingtrees:fallingtrees_common' to Polarrr_
[00:07:37] [Server thread/INFO]: Updating all forceload tickets for 957d3e0c-502d-3ac9-81d7-a5ab730cd62b
[00:07:38] [Server thread/INFO]: Replacing apoli:replaced_loot_table with null
[00:08:07] [Netty Epoll Server IO #7/ERROR]: Exception occurred in netty pipeline
io.netty.handler.timeout.ReadTimeoutException: null
[00:08:07] [Server thread/INFO]: Polarrr_ lost connection: Timed out
[00:08:07] [Server thread/INFO]: Polarrr_ left the game
[00:08:07] [Server thread/INFO]: Updating all forceload tickets for 957d3e0c-502d-3ac9-81d7-a5ab730cd62b
[00:08:07] [Server thread/INFO]: [voicechat] Disconnecting client Polarrr_
[00:09:55] [Server thread/INFO]: Polarrr_[/127.55.245.64:56857] logged in with entity id 575 at (-115.5, 69.0, -28.5)
[00:09:55] [Server thread/INFO]: Syncing config to Polarrr_ (957d3e0c-502d-3ac9-81d7-a5ab730cd62b)
[00:09:55] [Server thread/INFO]: [betternether] Freeze Registry[ResourceKey[minecraft:root / worlds_together:worldgen/betterx/surface_rules] (Stable)]
[00:09:55] [Server thread/INFO]: Polarrr_ joined the game
[00:09:56] [Server thread/INFO]: Sending common config 'fallingtrees:fallingtrees_common' to Polarrr_
[00:09:56] [Server thread/INFO]: Updating all forceload tickets for 957d3e0c-502d-3ac9-81d7-a5ab730cd62b
[00:09:56] [Server thread/INFO]: Replacing apoli:replaced_loot_table with null
[00:09:56] [Netty Epoll Server IO #0/INFO]: Received client config 'fallingtrees:fallingtrees_client' from Polarrr_
[00:09:56] [Server thread/INFO]: [bclib] Received Hello from Client. (server=3.0.14, client=3.0.14)
[00:09:56] [Server thread/INFO]: [bclib] Sending Hello to Client. (server=3.0.14)
[00:09:56] [Server thread/INFO]: [bclib] 	- Listing Mod bclib v3.0.14 (size: 2.2 MiB, download=true)
[00:09:56] [Server thread/INFO]: [bclib] 	- Listing Mod betternether v9.0.10 (size: 21.9 MiB, download=true)
[00:09:56] [Server thread/INFO]: [bclib] 	- Offering Config bclib.CONFIG_betternether.main
[00:09:56] [Server thread/INFO]: [bclib] 	- Offering Config bclib.CONFIG_betternether.generator
[00:09:56] [Server thread/INFO]: [bclib] 	- Offering Config bclib.CONFIG_betternether.blocks
[00:09:56] [Server thread/INFO]: [bclib] 	- Offering Config bclib.CONFIG_betternether.items
[00:09:56] [Server thread/INFO]: [bclib] 	- Offering Config bclib.CONFIG_betternether.biomes
[00:09:56] [Server thread/INFO]: [bclib] 	- Offering Config bclib.CONFIG_betternether.mobs
[00:09:56] [Server thread/INFO]: [bclib] 	- Offering Config bclib.CONFIG_bclib.generator
[00:09:56] [Server thread/INFO]: [bclib] 	- Offering Config bclib.CONFIG_bclib.main
[00:09:56] [Server thread/INFO]: [bclib] 	- Offering Config bclib.CONFIG_bclib.biomes
[00:09:56] [Server thread/INFO]: [bclib] 	- Offering Config bclib.CONFIG_betterend.entities
[00:09:56] [Server thread/INFO]: [bclib] 	- Offering Config bclib.CONFIG_betterend.blocks
[00:09:56] [Server thread/INFO]: [bclib] 	- Offering Config bclib.CONFIG_betterend.items
[00:09:56] [Server thread/INFO]: [bclib] 	- Offering Config bclib.CONFIG_betterend.enchantments
[00:09:56] [Server thread/INFO]: [bclib] 	- Offering Folder /workspaces/CuchiLand/servidor_minecraft/bclib-sync (allowDelete=true)
[00:09:56] [Server thread/INFO]: [voicechat] Received secret request of Polarrr_ (18)
[00:09:56] [Server thread/INFO]: [voicechat] Sent secret to Polarrr_
[00:09:57] [Netty Epoll Server IO #0/INFO]: Priority overwritten for player Polarrr_. Claiming: GRAVE / Robbing: INVENTORY
[00:09:58] [Netty Epoll Server IO #0/INFO]: [do_a_barrel_roll] Client of Polarrr_ accepted server config.
[00:10:26] [Server thread/INFO]: Polarrr_ lost connection: Timed out
[00:10:26] [Server thread/INFO]: Polarrr_ left the game
[00:10:26] [Server thread/INFO]: Updating all forceload tickets for 957d3e0c-502d-3ac9-81d7-a5ab730cd62b
[00:10:26] [Server thread/INFO]: [voicechat] Disconnecting client Polarrr_
[00:11:12] [Server thread/INFO]: Polarrr_[/127.55.245.64:55587] logged in with entity id 646 at (-115.5, 69.0, -28.5)
[00:11:12] [Server thread/INFO]: Syncing config to Polarrr_ (957d3e0c-502d-3ac9-81d7-a5ab730cd62b)
[00:11:12] [Server thread/INFO]: [betternether] Freeze Registry[ResourceKey[minecraft:root / worlds_together:worldgen/betterx/surface_rules] (Stable)]
[00:11:12] [Server thread/INFO]: Polarrr_ joined the game
[00:11:12] [Server thread/INFO]: Sending common config 'fallingtrees:fallingtrees_common' to Polarrr_
[00:11:12] [Server thread/INFO]: Updating all forceload tickets for 957d3e0c-502d-3ac9-81d7-a5ab730cd62b
[00:11:12] [Server thread/INFO]: Replacing apoli:replaced_loot_table with null
[00:11:13] [Netty Epoll Server IO #1/INFO]: Received client config 'fallingtrees:fallingtrees_client' from Polarrr_
[00:11:13] [Server thread/INFO]: [bclib] Received Hello from Client. (server=3.0.14, client=3.0.14)
[00:11:13] [Server thread/INFO]: [bclib] Sending Hello to Client. (server=3.0.14)
[00:11:13] [Server thread/INFO]: [bclib] 	- Listing Mod bclib v3.0.14 (size: 2.2 MiB, download=true)
[00:11:13] [Server thread/INFO]: [bclib] 	- Listing Mod betternether v9.0.10 (size: 21.9 MiB, download=true)
[00:11:13] [Server thread/INFO]: [bclib] 	- Offering Config bclib.CONFIG_betternether.main
[00:11:13] [Server thread/INFO]: [bclib] 	- Offering Config bclib.CONFIG_betternether.generator
[00:11:13] [Server thread/INFO]: [bclib] 	- Offering Config bclib.CONFIG_betternether.blocks
[00:11:13] [Server thread/INFO]: [bclib] 	- Offering Config bclib.CONFIG_betternether.items
[00:11:13] [Server thread/INFO]: [bclib] 	- Offering Config bclib.CONFIG_betternether.biomes
[00:11:13] [Server thread/INFO]: [bclib] 	- Offering Config bclib.CONFIG_betternether.mobs
[00:11:13] [Server thread/INFO]: [bclib] 	- Offering Config bclib.CONFIG_bclib.generator
[00:11:13] [Server thread/INFO]: [bclib] 	- Offering Config bclib.CONFIG_bclib.main
[00:11:13] [Server thread/INFO]: [bclib] 	- Offering Config bclib.CONFIG_bclib.biomes
[00:11:13] [Server thread/INFO]: [bclib] 	- Offering Config bclib.CONFIG_betterend.entities
[00:11:13] [Server thread/INFO]: [bclib] 	- Offering Config bclib.CONFIG_betterend.blocks
[00:11:13] [Server thread/INFO]: [bclib] 	- Offering Config bclib.CONFIG_betterend.items
[00:11:13] [Server thread/INFO]: [bclib] 	- Offering Config bclib.CONFIG_betterend.enchantments
[00:11:13] [Server thread/INFO]: [bclib] 	- Offering Folder /workspaces/CuchiLand/servidor_minecraft/bclib-sync (allowDelete=true)
[00:11:13] [Server thread/INFO]: [voicechat] Received secret request of Polarrr_ (18)
[00:11:13] [Server thread/INFO]: [voicechat] Sent secret to Polarrr_
[00:11:14] [Netty Epoll Server IO #1/INFO]: Priority overwritten for player Polarrr_. Claiming: GRAVE / Robbing: INVENTORY
[00:11:14] [Netty Epoll Server IO #1/INFO]: [do_a_barrel_roll] Client of Polarrr_ accepted server config.
[00:11:52] [VoiceChatPacketProcessingThread/INFO]: [voicechat] Successfully authenticated player 957d3e0c-502d-3ac9-81d7-a5ab730cd62b
[00:11:53] [VoiceChatPacketProcessingThread/INFO]: [voicechat] Successfully validated connection of player 957d3e0c-502d-3ac9-81d7-a5ab730cd62b
[00:11:53] [VoiceChatPacketProcessingThread/INFO]: [voicechat] Player Polarrr_ (957d3e0c-502d-3ac9-81d7-a5ab730cd62b) successfully connected to voice chat
[00:16:55] [Server thread/INFO]: Player literal{Polarrr_} chose Origin: origins-plus-plus:rift_mage, for layer: origins:origin
[00:18:03] [Server thread/INFO]: Player literal{Polarrr_} chose Origin: origins-classes:miner, for layer: origins-classes:class
[00:18:29] [Server thread/INFO]: Polarrr_ was slain by Zombie
[00:18:29] [Server thread/INFO]: Did not backup data (grave data empty)
[00:19:12] [Netty Epoll Server IO #1/INFO]: [do_a_barrel_roll] Client of Polarrr_ accepted server config.
[00:19:20] [Server thread/INFO]: Polarrr_ was slain by Zombie
[00:19:20] [Server thread/INFO]: Did not backup data (grave data empty)
[00:19:32] [Netty Epoll Server IO #1/INFO]: [do_a_barrel_roll] Client of Polarrr_ accepted server config.
[00:19:37] [Server thread/INFO]: Polarrr_ was blown up by Creeper
[00:19:37] [Server thread/INFO]: Did not backup data (grave data empty)
[00:19:42] [Netty Epoll Server IO #1/INFO]: [do_a_barrel_roll] Client of Polarrr_ accepted server config.
[00:19:56] [Server thread/INFO]: Polarrr_ was slain by Zombie
[00:19:56] [Server thread/INFO]: Did not backup data (grave data empty)
[00:20:00] [Netty Epoll Server IO #1/INFO]: [do_a_barrel_roll] Client of Polarrr_ accepted server config.
[00:20:18] [Server thread/INFO]: Polarrr_ was slain by Zombie
[00:20:18] [Server thread/INFO]: Did not backup data (grave data empty)
[00:21:14] [Server thread/INFO]: Set the time to 1000
[00:21:18] [Server thread/INFO]: Made Polarrr_ a server operator
[00:21:20] [Netty Epoll Server IO #1/INFO]: [do_a_barrel_roll] Client of Polarrr_ accepted server config.
[00:21:35] [Netty Epoll Server IO #1/INFO]: [do_a_barrel_roll] Client of Polarrr_ accepted server config.
